[debug] [2022-06-27T19:20:18.264Z] ----------------------------------------------------------------------
[debug] [2022-06-27T19:20:18.267Z] Command:       C:\Program Files\nodejs\node.exe C:\Users\bqmin\AppData\Roaming\npm\node_modules\firebase-tools\lib\bin\firebase.js init
[debug] [2022-06-27T19:20:18.268Z] CLI Version:   11.1.0
[debug] [2022-06-27T19:20:18.268Z] Platform:      win32
[debug] [2022-06-27T19:20:18.268Z] Node Version:  v16.14.2
[debug] [2022-06-27T19:20:18.269Z] Time:          Tue Jun 28 2022 02:20:18 GMT+0700 (Indochina Time)
[debug] [2022-06-27T19:20:18.270Z] ----------------------------------------------------------------------
[debug] 
[debug] [2022-06-27T19:20:18.400Z] > command requires scopes: ["email","openid","https://www.googleapis.com/auth/cloudplatformprojects.readonly","https://www.googleapis.com/auth/firebase","https://www.googleapis.com/auth/cloud-platform"]
[debug] [2022-06-27T19:20:18.401Z] > authorizing via signed-in user (buiquangminh30102001@gmail.com)
[info] 
     ######## #### ########  ######## ########     ###     ######  ########
     ##        ##  ##     ## ##       ##     ##  ##   ##  ##       ##
     ######    ##  ########  ######   ########  #########  ######  ######
     ##        ##  ##    ##  ##       ##     ## ##     ##       ## ##
     ##       #### ##     ## ######## ########  ##     ##  ######  ########

You're about to initialize a Firebase project in this directory:

  F:\React\firegram-final-files\firegram-final-files

Before we get started, keep in mind:

  * You are initializing within an existing Firebase project directory

[info] 
=== Project Setup
[info] 
[info] First, let's associate this project directory with a Firebase project.
[info] You can create multiple project aliases by running firebase use --add, 
[info] but for now we'll just set up a default project.
[info] 
[debug] [2022-06-27T19:20:34.841Z] Using project from CLI flag: upload-image-d2e27
[debug] [2022-06-27T19:20:34.844Z] >>> [apiv2][query] GET https://firebase.googleapis.com/v1beta1/projects/upload-image-d2e27 [none]
[debug] [2022-06-27T19:20:35.265Z] <<< [apiv2][status] GET https://firebase.googleapis.com/v1beta1/projects/upload-image-d2e27 200
[debug] [2022-06-27T19:20:35.265Z] <<< [apiv2][body] GET https://firebase.googleapis.com/v1beta1/projects/upload-image-d2e27 {"projectId":"upload-image-d2e27","projectNumber":"862880575638","displayName":"upload-image","name":"projects/upload-image-d2e27","resources":{"hostingSite":"upload-image-d2e27","realtimeDatabaseInstance":"upload-image-d2e27-default-rtdb","storageBucket":"upload-image-d2e27.appspot.com","locationId":"asia-southeast2"},"state":"ACTIVE"}
[info] i  Using project upload-image-d2e27 (upload-image) 
[info] 
=== Hosting Setup
[info] 
[info] Your public directory is the folder (relative to your project directory) that
[info] will contain Hosting assets to be uploaded with firebase deploy. If you
[info] have a build process for your assets, use your build's output directory.
[info] 
[debug] [2022-06-27T19:21:05.417Z] >>> [apiv2][query] GET https://www.gstatic.com/firebasejs/releases.json [none]
[debug] [2022-06-27T19:21:05.562Z] <<< [apiv2][status] GET https://www.gstatic.com/firebasejs/releases.json 200
[debug] [2022-06-27T19:21:05.563Z] <<< [apiv2][body] GET https://www.gstatic.com/firebasejs/releases.json {"current":{"version":"9.8.4","browserURL":"https://www.gstatic.com/firebasejs/9.8.4/firebase.js","packageURL":"https://www.gstatic.com/firebasejs/9.8.4/firebase.tgz"},"live":{"version":"9.8","browserURL":"https://www.gstatic.com/firebasejs/live/9.8/firebase.js","packageURL":"https://www.gstatic.com/firebasejs/live/9.8/firebase.tgz"},"components":{"analytics":"https://www.gstatic.com/firebasejs/9.8.4/firebase-analytics.js","app":"https://www.gstatic.com/firebasejs/9.8.4/firebase-app.js","app-check":"https://www.gstatic.com/firebasejs/9.8.4/firebase-app-check.js","auth":"https://www.gstatic.com/firebasejs/9.8.4/firebase-auth.js","auth/cordova":"https://www.gstatic.com/firebasejs/9.8.4/firebase-auth/cordova.js","auth/react-native":"https://www.gstatic.com/firebasejs/9.8.4/firebase-auth/react-native.js","functions":"https://www.gstatic.com/firebasejs/9.8.4/firebase-functions.js","firestore":"https://www.gstatic.com/firebasejs/9.8.4/firebase-firestore.js","firestore/lite":"https://www.gstatic.com/firebasejs/9.8.4/firebase-firestore/lite.js","storage":"https://www.gstatic.com/firebasejs/9.8.4/firebase-storage.js","performance":"https://www.gstatic.com/firebasejs/9.8.4/firebase-performance.js","remote-config":"https://www.gstatic.com/firebasejs/9.8.4/firebase-remote-config.js","messaging":"https://www.gstatic.com/firebasejs/9.8.4/firebase-messaging.js","messaging/sw":"https://www.gstatic.com/firebasejs/9.8.4/firebase-messaging/sw.js","database":"https://www.gstatic.com/firebasejs/9.8.4/firebase-database.js","firestore.memory":"https://www.gstatic.com/firebasejs/9.8.4/firebase-firestore.memory.js"}}
[info] i  Skipping write of public/index.html 
[info] 
[info] i  Didn't detect a .git folder. Assuming F:\React\firegram-final-files\firegram-final-files is the project root. 
[info] i  Authorizing with GitHub to upload your service account to a GitHub repository's secrets store. 
[info] 
[info] Visit this URL on this device to log in:
[info] https://github.com/login/oauth/authorize?client_id=89cf50f02ac6aaed3484&state=953433082&redirect_uri=http%3A%2F%2Flocalhost%3A9005&scope=read%3Auser%20repo%20public_repo
[info] 
[info] Waiting for authentication...
[debug] [2022-06-27T19:21:50.836Z] >>> [apiv2][query] POST https://github.com/login/oauth/access_token [none]
[debug] [2022-06-27T19:21:50.836Z] >>> [apiv2][body] POST https://github.com/login/oauth/access_token [stream]
[debug] [2022-06-27T19:21:51.350Z] <<< [apiv2][status] POST https://github.com/login/oauth/access_token 200
[debug] [2022-06-27T19:21:51.350Z] <<< [apiv2][body] POST https://github.com/login/oauth/access_token {"access_token":"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","token_type":"bearer","scope":"read:user,repo"}
[debug] [2022-06-27T19:21:51.356Z] >>> [apiv2][query] GET https://api.github.com/user [none]
[debug] [2022-06-27T19:21:51.873Z] <<< [apiv2][status] GET https://api.github.com/user 200
[debug] [2022-06-27T19:21:51.874Z] <<< [apiv2][body] GET https://api.github.com/user {"login":"BuiQuangMinh30","id":64219602,"node_id":"MDQ6VXNlcjY0MjE5NjAy","avatar_url":"https://avatars.githubusercontent.com/u/64219602?v=4","gravatar_id":"","url":"https://api.github.com/users/BuiQuangMinh30","html_url":"https://github.com/BuiQuangMinh30","followers_url":"https://api.github.com/users/BuiQuangMinh30/followers","following_url":"https://api.github.com/users/BuiQuangMinh30/following{/other_user}","gists_url":"https://api.github.com/users/BuiQuangMinh30/gists{/gist_id}","starred_url":"https://api.github.com/users/BuiQuangMinh30/starred{/owner}{/repo}","subscriptions_url":"https://api.github.com/users/BuiQuangMinh30/subscriptions","organizations_url":"https://api.github.com/users/BuiQuangMinh30/orgs","repos_url":"https://api.github.com/users/BuiQuangMinh30/repos","events_url":"https://api.github.com/users/BuiQuangMinh30/events{/privacy}","received_events_url":"https://api.github.com/users/BuiQuangMinh30/received_events","type":"User","site_admin":false,"name":"bqminh","company":null,"blog":"","location":"Hà Nội","email":null,"hireable":null,"bio":"let's try","twitter_username":null,"public_repos":46,"public_gists":0,"followers":3,"following":4,"created_at":"2020-04-23T17:10:08Z","updated_at":"2022-06-04T08:36:54Z","private_gists":0,"total_private_repos":4,"owned_private_repos":4,"disk_usage":504986,"collaborators":0,"two_factor_authentication":false,"plan":{"name":"free","space":976562499,"collaborators":0,"private_repos":10000}}
[info] 
[info] +  Success! Logged into GitHub as BuiQuangMinh30 
[info] 
